<?xml version="1.0" encoding="UTF-8"?>
<testsuite name="com.mattyworks.utils.PrinterTest" tests="2" skipped="0" failures="0" errors="0" timestamp="2025-03-28T02:16:31" hostname="Matts-MBP.local" time="0.038">
  <properties/>
  <testcase name="testSerialization()" classname="com.mattyworks.utils.PrinterTest" time="0.037"/>
  <testcase name="testMessage()" classname="com.mattyworks.utils.PrinterTest" time="0.0"/>
  <system-out><![CDATA[]]></system-out>
  <system-err><![CDATA[]]></system-err>
</testsuite>
